<component name="libraryTable">
  <library name="junit_junit_4_12">
    <CLASSES>
      <root url="jar://$PROJECT_DIR$/out/artifacts/junit_junit_4_12/hamcrest-core-1.3.jar!/" />
      <root url="jar://$PROJECT_DIR$/out/artifacts/junit_junit_4_12/junit-4.12.jar!/" />
    </CLASSES>
    <JAVADOC />
    <SOURCES />
  </library>
</component>